<?xml version="1.0" encoding="UTF-8"?>
<!-- Generated by org.testng.reporters.JUnitReportReporter -->
<testsuite skipped="0" hostname="PINKU" name="Test1.TestA" tests="1" failures="0" timestamp="26 Aug 2018 09:41:00 GMT" time="27.681" errors="0">
  <testcase name="TestGoogle" time="27.681" classname="Test1.TestA"/>
</testsuite> <!-- Test1.TestA -->
