<?xml version="1.0" encoding="UTF-8"?>
<!-- Generated by org.testng.reporters.JUnitReportReporter -->
<testsuite skipped="0" hostname="PINKU" name="Test1.TestF" tests="2" failures="0" timestamp="26 Aug 2018 10:09:24 GMT" time="0.015" errors="0">
  <testcase name="testCasefour" time="0.010" classname="Test1.TestF"/>
  <testcase name="testCaseFive" time="0.005" classname="Test1.TestF"/>
</testsuite> <!-- Test1.TestF -->
