<?xml version="1.0" encoding="UTF-8"?>
<!-- Generated by org.testng.reporters.JUnitReportReporter -->
<testsuite skipped="0" hostname="PINKU" name="Test1.TestE" tests="2" failures="0" timestamp="26 Aug 2018 10:09:24 GMT" time="0.032" errors="0">
  <testcase name="testCaseOne" time="0.032" classname="Test1.TestE"/>
  <testcase name="testCaseTwo" time="0.000" classname="Test1.TestE"/>
</testsuite> <!-- Test1.TestE -->
